[debug] [2025-10-29T11:07:22.156Z] ----------------------------------------------------------------------
[debug] [2025-10-29T11:07:22.160Z] Command:       C:\Program Files\nodejs\node.exe C:\Users\USER\AppData\Roaming\npm\node_modules\firebase-tools\lib\bin\firebase.js init hosting
[debug] [2025-10-29T11:07:22.161Z] CLI Version:   14.22.0
[debug] [2025-10-29T11:07:22.161Z] Platform:      win32
[debug] [2025-10-29T11:07:22.161Z] Node Version:  v22.20.0
[debug] [2025-10-29T11:07:22.161Z] Time:          Wed Oct 29 2025 15:07:22 GMT+0400 (Gulf Standard Time)
[debug] [2025-10-29T11:07:22.162Z] ----------------------------------------------------------------------
[debug] 
[info] 
     ######## #### ########  ######## ########     ###     ######  ########
     ##        ##  ##     ## ##       ##     ##  ##   ##  ##       ##
     ######    ##  ########  ######   ########  #########  ######  ######
     ##        ##  ##    ##  ##       ##     ## ##     ##       ## ##
     ##       #### ##     ## ######## ########  ##     ##  ######  ########

You're about to initialize a Firebase project in this directory:

  C:\Users\USER\OneDrive\Desktop\EP website

[info] 
=== Project Setup
[info] 
[info] First, let's associate this project directory with a Firebase project.
[info] You can create multiple project aliases by running firebase use --add, 
[info] 
[debug] [2025-10-29T11:07:22.959Z] > command requires scopes: ["email","openid","https://www.googleapis.com/auth/cloudplatformprojects.readonly","https://www.googleapis.com/auth/firebase","https://www.googleapis.com/auth/cloud-platform"]
[debug] [2025-10-29T11:07:22.960Z] > authorizing via signed-in user (harisbilalbp@gmail.com)
[debug] [2025-10-29T11:07:22.961Z] Checked if tokens are valid: true, expires at: 1761738775458
[debug] [2025-10-29T11:07:22.961Z] Checked if tokens are valid: true, expires at: 1761738775458
[debug] [2025-10-29T11:07:22.962Z] >>> [apiv2][query] GET https://firebase.googleapis.com/v1beta1/projects/emirates-podcast-review-17f6d [none]
[debug] [2025-10-29T11:07:23.505Z] <<< [apiv2][status] GET https://firebase.googleapis.com/v1beta1/projects/emirates-podcast-review-17f6d 403
[debug] [2025-10-29T11:07:23.505Z] <<< [apiv2][body] GET https://firebase.googleapis.com/v1beta1/projects/emirates-podcast-review-17f6d {"error":{"code":403,"message":"The caller does not have permission","status":"PERMISSION_DENIED"}}
[debug] [2025-10-29T11:07:23.506Z] Request to https://firebase.googleapis.com/v1beta1/projects/emirates-podcast-review-17f6d had HTTP Error: 403, The caller does not have permission
[debug] [2025-10-29T11:07:23.814Z] FirebaseError: Request to https://firebase.googleapis.com/v1beta1/projects/emirates-podcast-review-17f6d had HTTP Error: 403, The caller does not have permission
    at responseToError (C:\Users\USER\AppData\Roaming\npm\node_modules\firebase-tools\lib\responseToError.js:53:12)
    at RetryOperation._fn (C:\Users\USER\AppData\Roaming\npm\node_modules\firebase-tools\lib\apiv2.js:312:77)
    at process.processTicksAndRejections (node:internal/process/task_queues:105:5)
[error] 
[error] Error: Failed to get Firebase project emirates-podcast-review-17f6d. Please make sure the project exists and your account has permission to access it.
